app/build/intermediates/manifest_merge_blame_file/debug/manifest-merger-blame-debug-report.txt
1<?xml version="1.0" encoding="utf-8"?>
2<manifest xmlns:android="http://schemas.android.com/apk/res/android"
3    package="com.nyt.movies"
4    android:versionCode="1"
5    android:versionName="1.0" >
6
7    <uses-sdk
8        android:minSdkVersion="24"
8-->src/main/AndroidManifest.xml
9        android:targetSdkVersion="29" />
9-->src/main/AndroidManifest.xml
10
11    <uses-permission android:name="android.permission.INTERNET" />
11-->src/main/AndroidManifest.xml:5:5-67
11-->src/main/AndroidManifest.xml:5:22-64
12
13    <application
13-->src/main/AndroidManifest.xml:7:5-37:19
14        android:name="com.nyt.movies.presentation.NYTMoviesApplication"
14-->src/main/AndroidManifest.xml:8:9-58
15        android:allowBackup="true"
15-->src/main/AndroidManifest.xml:9:9-35
16        android:appComponentFactory="androidx.core.app.CoreComponentFactory"
16-->[androidx.core:core:1.3.1] AndroidManifest.xml:24:18-86
17        android:debuggable="true"
18        android:extractNativeLibs="false"
19        android:icon="@mipmap/ic_launcher"
19-->src/main/AndroidManifest.xml:10:9-43
20        android:label="@string/app_name"
20-->src/main/AndroidManifest.xml:11:9-41
21        android:roundIcon="@mipmap/ic_launcher_round"
21-->src/main/AndroidManifest.xml:12:9-54
22        android:supportsRtl="true"
22-->src/main/AndroidManifest.xml:13:9-35
23        android:testOnly="true"
24        android:theme="@style/AppTheme"
24-->src/main/AndroidManifest.xml:14:9-40
25        android:usesCleartextTraffic="true" >
25-->src/main/AndroidManifest.xml:15:9-44
26        <activity
26-->src/main/AndroidManifest.xml:17:9-26:20
27            android:name="com.nyt.movies.presentation.view.splash.SplashActivity"
27-->src/main/AndroidManifest.xml:18:13-68
28            android:configChanges="keyboardHidden|orientation|screenSize"
28-->src/main/AndroidManifest.xml:19:13-74
29            android:theme="@style/AppTheme.Splash" >
29-->src/main/AndroidManifest.xml:20:13-51
30            <intent-filter>
30-->src/main/AndroidManifest.xml:21:13-25:29
31                <action android:name="android.intent.action.MAIN" />
31-->src/main/AndroidManifest.xml:22:17-69
31-->src/main/AndroidManifest.xml:22:25-66
32
33                <category android:name="android.intent.category.LAUNCHER" />
33-->src/main/AndroidManifest.xml:24:17-77
33-->src/main/AndroidManifest.xml:24:27-74
34            </intent-filter>
35        </activity>
36        <activity
36-->src/main/AndroidManifest.xml:28:9-31:59
37            android:name="com.nyt.movies.presentation.view.movies.details.MovieDetailsActivity"
37-->src/main/AndroidManifest.xml:29:13-82
38            android:configChanges="keyboardHidden|orientation|screenSize"
38-->src/main/AndroidManifest.xml:30:13-74
39            android:theme="@style/AppTheme.NoActionbar" />
39-->src/main/AndroidManifest.xml:31:13-56
40        <activity
40-->src/main/AndroidManifest.xml:33:9-36:47
41            android:name="com.nyt.movies.presentation.view.movies.list.ListMoviesActivity"
41-->src/main/AndroidManifest.xml:34:13-77
42            android:configChanges="keyboardHidden|orientation|screenSize"
42-->src/main/AndroidManifest.xml:35:13-74
43            android:theme="@style/AppTheme" />
43-->src/main/AndroidManifest.xml:36:13-44
44
45        <service
45-->[androidx.room:room-runtime:2.2.5] AndroidManifest.xml:25:9-28:40
46            android:name="androidx.room.MultiInstanceInvalidationService"
46-->[androidx.room:room-runtime:2.2.5] AndroidManifest.xml:26:13-74
47            android:directBootAware="true"
47-->[androidx.room:room-runtime:2.2.5] AndroidManifest.xml:27:13-43
48            android:exported="false" />
48-->[androidx.room:room-runtime:2.2.5] AndroidManifest.xml:28:13-37
49
50        <provider
50-->[androidx.lifecycle:lifecycle-process:2.2.0] AndroidManifest.xml:25:9-29:43
51            android:name="androidx.lifecycle.ProcessLifecycleOwnerInitializer"
51-->[androidx.lifecycle:lifecycle-process:2.2.0] AndroidManifest.xml:26:13-79
52            android:authorities="com.nyt.movies.lifecycle-process"
52-->[androidx.lifecycle:lifecycle-process:2.2.0] AndroidManifest.xml:27:13-69
53            android:exported="false"
53-->[androidx.lifecycle:lifecycle-process:2.2.0] AndroidManifest.xml:28:13-37
54            android:multiprocess="true" />
54-->[androidx.lifecycle:lifecycle-process:2.2.0] AndroidManifest.xml:29:13-40
55    </application>
56
57</manifest>